\BOOKMARK [1][-]{section.1}{Appendix\040A:\040Appointment\040of\040Special\040Counsel}{}% 1
\BOOKMARK [1][-]{section.2}{Appendix\040B:\040Glossary}{}% 2
\BOOKMARK [2][-]{subsection.2.1}{Referenced\040Persons}{section.2}% 3
\BOOKMARK [2][-]{subsection.2.2}{Entities\040and\040Organizations}{section.2}% 4
\BOOKMARK [2][-]{subsection.2.3}{Index\040of\040Acronyms}{section.2}% 5
\BOOKMARK [1][-]{section.3}{Appendix\040C:\040Written\040Questioning\040of\040Donald\040J.\040Trump}{}% 6
\BOOKMARK [2][-]{subsection.3.1}{Introductory\040Note}{section.3}% 7
\BOOKMARK [2][-]{subsection.3.2}{WRITTEN\040QUESTIONS\040TO\040BE\040ANSWERED\040UNDER\040OATH\040BY\040PRESIDENT\040DONALD\040J.\040TRUMP}{section.3}% 8
\BOOKMARK [3][-]{subsubsection.3.2.1}{June\0409,\0402016\040Meeting\040at\040Trump\040Tower}{subsection.3.2}% 9
\BOOKMARK [3][-]{subsubsection.3.2.2}{Russian\040Hacking\040/\040Russian\040Efforts\040Using\040Social\040Media\040/\040Wikileaks}{subsection.3.2}% 10
\BOOKMARK [3][-]{subsubsection.3.2.3}{The\040Trump\040Organization\040Moscow\040Project}{subsection.3.2}% 11
\BOOKMARK [3][-]{subsubsection.3.2.4}{Contacts\040with\040Russia\040and\040Russia-Related\040Issues\040During\040the\040Campaign}{subsection.3.2}% 12
\BOOKMARK [3][-]{subsubsection.3.2.5}{Contacts\040with\040Russia\040and\040Russia-Related\040Issues\040During\040the\040Transition}{subsection.3.2}% 13
\BOOKMARK [2][-]{subsection.3.3}{RESPONSES\040OF\040PRESIDENT\040DONALD\040J.\040TRUMP}{section.3}% 14
\BOOKMARK [3][-]{subsubsection.3.3.1}{June\0409,\0402016\040Meeting\040at\040Trump\040Tower}{subsection.3.3}% 15
\BOOKMARK [4][-]{paragraph.3.3.1.1}{Response\040to\040Question\040I,\040Parts\040\(a\)\040through\040\(c\)}{subsubsection.3.3.1}% 16
\BOOKMARK [4][-]{paragraph.3.3.1.2}{Response\040to\040Question\040I,\040Part\040\(d\)}{subsubsection.3.3.1}% 17
\BOOKMARK [4][-]{paragraph.3.3.1.3}{Response\040to\040Question\040I,\040Part\040\(e\)}{subsubsection.3.3.1}% 18
\BOOKMARK [4][-]{paragraph.3.3.1.4}{Response\040to\040Question\040I,\040Part\040\(f\)}{subsubsection.3.3.1}% 19
\BOOKMARK [4][-]{paragraph.3.3.1.5}{Response\040to\040Question\040I,\040Part\040\(g\)}{subsubsection.3.3.1}% 20
\BOOKMARK [4][-]{paragraph.3.3.1.6}{Response\040to\040Question\040I,\040Part\040\(h\)}{subsubsection.3.3.1}% 21
\BOOKMARK [4][-]{paragraph.3.3.1.7}{Response\040to\040Question\040I,\040Part\040\(i\)}{subsubsection.3.3.1}% 22
\BOOKMARK [3][-]{subsubsection.3.3.2}{Russian\040Hacking\040/\040Russian\040Efforts\040Using\040Social\040Media\040/\040Wikileaks}{subsection.3.3}% 23
\BOOKMARK [4][-]{paragraph.3.3.2.1}{Response\040to\040Question\040II,\040Part\040\(a\)}{subsubsection.3.3.2}% 24
\BOOKMARK [4][-]{paragraph.3.3.2.2}{Response\040to\040Question\040II,\040Part\040\(b\)}{subsubsection.3.3.2}% 25
\BOOKMARK [4][-]{paragraph.3.3.2.3}{Response\040to\040Question\040II,\040Part\040\(c\)}{subsubsection.3.3.2}% 26
\BOOKMARK [4][-]{paragraph.3.3.2.4}{Response\040to\040Question\040II,\040Part\040\(d\)}{subsubsection.3.3.2}% 27
\BOOKMARK [4][-]{paragraph.3.3.2.5}{Response\040to\040Question\040II,\040Part\040\(e\)}{subsubsection.3.3.2}% 28
\BOOKMARK [4][-]{paragraph.3.3.2.6}{Response\040to\040Question\040II,\040Part\040\(f\)}{subsubsection.3.3.2}% 29
\BOOKMARK [4][-]{paragraph.3.3.2.7}{Response\040to\040Question\040II,\040Part\040\(g\)}{subsubsection.3.3.2}% 30
\BOOKMARK [4][-]{paragraph.3.3.2.8}{Response\040to\040Question\040II,\040Part\040\(h\)}{subsubsection.3.3.2}% 31
\BOOKMARK [4][-]{paragraph.3.3.2.9}{Response\040to\040Question\040II,\040Part\040\(i\)}{subsubsection.3.3.2}% 32
\BOOKMARK [3][-]{subsubsection.3.3.3}{The\040Trump\040Organization\040Moscow\040Project}{subsection.3.3}% 33
\BOOKMARK [4][-]{paragraph.3.3.3.1}{Response\040to\040Question\040III,\040Parts\040\(a\)\040through\040\(g\)}{subsubsection.3.3.3}% 34
\BOOKMARK [3][-]{subsubsection.3.3.4}{Contacts\040with\040Russia\040and\040Russia-Related\040Issues\040During\040the\040Campaign}{subsection.3.3}% 35
\BOOKMARK [4][-]{paragraph.3.3.4.1}{Response\040to\040Question\040IV,\040Parts\040\(a\)\040through\040\(d\)}{subsubsection.3.3.4}% 36
\BOOKMARK [4][-]{paragraph.3.3.4.2}{Response\040to\040Question\040IV,\040Part\040\(e\)}{subsubsection.3.3.4}% 37
\BOOKMARK [4][-]{paragraph.3.3.4.3}{Response\040to\040Question\040IV,\040Part\040\(f\)}{subsubsection.3.3.4}% 38
\BOOKMARK [4][-]{paragraph.3.3.4.4}{Response\040to\040Question\040IV,\040Part\040\(g\)}{subsubsection.3.3.4}% 39
\BOOKMARK [3][-]{subsubsection.3.3.5}{Contacts\040with\040Russia\040and\040Russia-Related\040Issues\040During\040the\040Transition}{subsection.3.3}% 40
\BOOKMARK [4][-]{paragraph.3.3.5.1}{Response\040to\040Question\040V,\040Part\040\(a\)}{subsubsection.3.3.5}% 41
\BOOKMARK [1][-]{section.4}{Appendix\040D:\040Special\040Counsel's\040Office\040Transferred,\040Referred,\040and\040Completed\040Cases}{}% 42
\BOOKMARK [2][-]{subsection.4.1}{Transfers}{section.4}% 43
\BOOKMARK [2][-]{subsection.4.2}{Referrals}{section.4}% 44
\BOOKMARK [2][-]{subsection.4.3}{Completed\040Prosecutions}{section.4}% 45
